{"F:\\save\\EPSI\\msprPayeTonKawa\\api\\webshop\\services\\customerWebshop.service.js": {"path":"F:\\save\\EPSI\\msprPayeTonKawa\\api\\webshop\\services\\customerWebshop.service.js","statementMap":{"0":{"start":{"line":1,"column":14},"end":{"line":1,"column":30}},"1":{"start":{"line":4,"column":2},"end":{"line":4,"column":96}},"2":{"start":{"line":7,"column":0},"end":{"line":9,"column":2}}},"fnMap":{"0":{"name":"allCustomer","decl":{"start":{"line":3,"column":15},"end":{"line":3,"column":26}},"loc":{"start":{"line":3,"column":29},"end":{"line":5,"column":1}},"line":3}},"branchMap":{},"s":{"0":1,"1":1,"2":1},"f":{"0":1},"b":{},"_coverageSchema":"1a1c01bbd47fc00a2c39e90264f33305004495a9","hash":"b15e4c8a8a0f180fa168e5adaa7bd131f9d8f380"}
,"F:\\save\\EPSI\\msprPayeTonKawa\\api\\webshop\\services\\productsWebshop.services.js": {"path":"F:\\save\\EPSI\\msprPayeTonKawa\\api\\webshop\\services\\productsWebshop.services.js","statementMap":{"0":{"start":{"line":1,"column":14},"end":{"line":1,"column":30}},"1":{"start":{"line":4,"column":2},"end":{"line":4,"column":95}},"2":{"start":{"line":8,"column":19},"end":{"line":8,"column":104}},"3":{"start":{"line":9,"column":17},"end":{"line":9,"column":104}},"4":{"start":{"line":9,"column":45},"end":{"line":9,"column":100}},"5":{"start":{"line":10,"column":2},"end":{"line":10,"column":16}},"6":{"start":{"line":13,"column":0},"end":{"line":15,"column":2}}},"fnMap":{"0":{"name":"allProduct","decl":{"start":{"line":3,"column":15},"end":{"line":3,"column":25}},"loc":{"start":{"line":3,"column":28},"end":{"line":5,"column":1}},"line":3},"1":{"name":"allStocks","decl":{"start":{"line":7,"column":15},"end":{"line":7,"column":24}},"loc":{"start":{"line":7,"column":26},"end":{"line":11,"column":1}},"line":7},"2":{"name":"(anonymous_2)","decl":{"start":{"line":9,"column":30},"end":{"line":9,"column":31}},"loc":{"start":{"line":9,"column":41},"end":{"line":9,"column":103}},"line":9}},"branchMap":{},"s":{"0":1,"1":1,"2":1,"3":1,"4":100,"5":1,"6":1},"f":{"0":1,"1":1,"2":100},"b":{},"_coverageSchema":"1a1c01bbd47fc00a2c39e90264f33305004495a9","hash":"4198cebd94fa73b1561662f90919fa0b72ed1070"}
}
